
   INFO  Server running on [http://127.0.0.1:8000].  

  Press Ctrl+C to stop the server

  2026-05-24 13:19:35 /api/cctv-stats .................................. ~ 2s
  2026-05-24 13:19:35 /api/cctv-events ................................. ~ 2s
  2026-05-24 13:19:37 /api/cameras ............................... ~ 513.02ms
  2026-05-24 13:19:37 /api/cctv-events ........................... ~ 520.30ms
  2026-05-24 13:19:40 /api/cctv-stats ............................ ~ 507.32ms
  2026-05-24 13:19:40 /api/cctv-events ........................... ~ 513.95ms
  2026-05-24 13:19:40 /api/cameras ..................................... ~ 1s
  2026-05-24 13:19:45 /api/cctv-stats .............................. ~ 0.32ms
  2026-05-24 13:19:45 /api/cctv-events ........................... ~ 515.32ms
  2026-05-24 13:19:46 /api/cameras ............................... ~ 514.08ms
  2026-05-24 13:19:55 /api/cctv-stats .............................. ~ 0.21ms
  2026-05-24 13:19:38 /api/cctv-events ................................ ~ 17s
  2026-05-24 13:19:55 /api/cctv-events ........................... ~ 512.23ms
  2026-05-24 13:19:55 /api/cameras ............................... ~ 519.78ms
  2026-05-24 13:20:00 /api/cctv-stats .............................. ~ 0.34ms
  2026-05-24 13:20:00 /api/cctv-events ............................. ~ 9.28ms
  2026-05-24 13:20:00 /api/cameras ............................... ~ 520.15ms
  2026-05-24 13:20:03 /api/cameras ............................... ~ 512.79ms
  2026-05-24 13:20:25 /api/cctv-events ............................. ~ 0.46ms
  2026-05-24 13:20:26 /api/cctv-stats ............................ ~ 511.64ms
  2026-05-24 13:20:26 /api/cctv-events ........................... ~ 521.07ms
  2026-05-24 13:20:26 /api/cameras ............................... ~ 517.35ms
  2026-05-24 13:20:28 /api/cctv-events ............................. ~ 0.41ms
  2026-05-24 13:20:33 /api/cctv-events ............................. ~ 0.42ms
  2026-05-24 13:20:38 /api/cctv-events ............................. ~ 0.21ms
  2026-05-24 13:20:43 /api/cctv-events ........................... ~ 501.15ms
  2026-05-24 13:20:48 /api/cctv-events ........................... ~ 513.48ms
  2026-05-24 13:20:53 /api/cctv-events ............................. ~ 0.21ms
  2026-05-24 13:20:25 /api/cctv-events ................................ ~ 29s
  2026-05-24 13:20:58 /api/cctv-events ............................. ~ 0.22ms
  2026-05-24 13:21:00 /api/cctv-stats ............................ ~ 500.72ms
  2026-05-24 13:21:00 /api/cctv-events ............................. ~ 0.14ms
  2026-05-24 13:21:00 /api/cameras ............................... ~ 521.59ms
  2026-05-24 13:21:05 /api/cctv-stats ............................ ~ 513.35ms
  2026-05-24 13:21:06 /api/cctv-events ............................. ~ 0.11ms
  2026-05-24 13:21:06 /api/cameras ............................... ~ 513.15ms
  2026-05-24 13:21:10 /api/cctv-stats ............................ ~ 516.34ms
  2026-05-24 13:21:10 /api/cctv-events ........................... ~ 530.16ms
  2026-05-24 13:21:11 /api/cameras ................................ ~ 10.36ms
  2026-05-24 13:21:15 /api/cctv-stats .............................. ~ 0.21ms
  2026-05-24 13:21:15 /api/cctv-events ........................... ~ 513.92ms
  2026-05-24 13:21:16 /api/cameras ............................... ~ 519.65ms
  2026-05-24 13:21:20 /api/cctv-stats .............................. ~ 0.20ms
  2026-05-24 13:21:21 /api/cctv-events ............................. ~ 0.10ms
  2026-05-24 13:21:21 /api/cameras ............................... ~ 518.56ms
  2026-05-24 13:21:25 /api/cctv-events ........................... ~ 511.23ms
  2026-05-24 13:21:25 /api/cctv-stats .............................. ~ 0.12ms
  2026-05-24 13:21:25 /api/cctv-events ............................. ~ 8.28ms
  2026-05-24 13:21:25 /api/cameras ............................... ~ 510.43ms
  2026-05-24 13:21:30 /api/cctv-stats .............................. ~ 0.33ms
  2026-05-24 13:21:30 /api/cctv-events ........................... ~ 513.28ms
  2026-05-24 13:21:30 /api/cameras ............................... ~ 512.57ms
  2026-05-24 13:21:35 /api/cctv-stats .............................. ~ 0.20ms
  2026-05-24 13:21:36 /api/cctv-events ........................... ~ 504.40ms
  2026-05-24 13:21:36 /api/cameras ............................... ~ 510.72ms
  2026-05-24 13:21:40 /api/cctv-stats .............................. ~ 0.19ms
  2026-05-24 13:21:41 /api/cctv-events ............................. ~ 0.10ms
  2026-05-24 13:21:41 /api/cameras ............................... ~ 521.83ms
  2026-05-24 13:21:45 /api/cctv-stats ............................ ~ 513.95ms
  2026-05-24 13:21:45 /api/cctv-events ........................... ~ 521.65ms
  2026-05-24 13:21:46 /api/cameras ............................... ~ 509.33ms
  2026-05-24 13:21:50 /api/cctv-stats .............................. ~ 0.22ms
  2026-05-24 13:21:51 /api/cctv-events ........................... ~ 506.40ms
  2026-05-24 13:21:51 /api/cameras ............................... ~ 517.87ms
  2026-05-24 13:21:25 /api/cctv-events ................................ ~ 30s
  2026-05-24 13:21:55 /api/cctv-stats ............................ ~ 510.85ms
  2026-05-24 13:21:56 /api/cctv-events ........................... ~ 509.85ms
  2026-05-24 13:21:56 /api/cameras ................................. ~ 6.43ms
  2026-05-24 13:22:00 /api/cctv-stats .............................. ~ 0.24ms
  2026-05-24 13:22:00 /api/cctv-events ........................... ~ 516.16ms
  2026-05-24 13:22:00 /api/cameras ............................... ~ 514.45ms
  2026-05-24 13:22:01 /api/cameras ................................. ~ 0.24ms
  2026-05-24 13:22:25 /api/cctv-events ............................. ~ 0.21ms
  2026-05-24 13:22:27 /api/cctv-events ........................... ~ 510.34ms
  2026-05-24 13:22:29 /api/cctv-stats .............................. ~ 0.21ms
  2026-05-24 13:22:29 /api/cctv-events ........................... ~ 516.82ms
  2026-05-24 13:22:29 /api/cameras ................................. ~ 0.09ms
  2026-05-24 13:22:34 /api/cctv-stats .............................. ~ 0.23ms
  2026-05-24 13:22:34 /api/cctv-events ........................... ~ 510.87ms
  2026-05-24 13:22:35 /api/cameras ............................... ~ 509.78ms
  2026-05-24 13:22:26 /api/cctv-events ................................ ~ 30s
  2026-05-24 13:23:26 /api/cctv-events ........................... ~ 512.51ms
  2026-05-24 13:23:26 /api/cctv-events ................................. ~ 8s
  2026-05-24 13:24:05 /api/cctv-events ............................. ~ 0.46ms
  2026-05-24 13:24:05 /api/cctv-events ................................ ~ 29s
  2026-05-24 13:25:01 /api/cctv-events ........................... ~ 513.54ms
  2026-05-24 13:25:02 /api/cctv-events ................................ ~ 30s
  2026-05-24 13:26:02 /api/cctv-events ............................. ~ 0.26ms
  2026-05-24 13:26:28 /api/cameras ................................. ~ 0.31ms
  2026-05-24 13:26:02 /api/cctv-events ................................ ~ 29s
  2026-05-24 13:27:02 /api/cctv-events ............................. ~ 0.22ms
  2026-05-24 13:27:02 /api/cctv-events ................................ ~ 29s
  2026-05-24 13:28:02 /api/cctv-events ........................... ~ 510.90ms
  2026-05-24 13:28:02 /api/cctv-events ................................ ~ 33s
  2026-05-24 13:29:29 /api/cctv-events ............................. ~ 0.26ms
  2026-05-24 13:29:29 /api/cctv-events ................................. ~ 1s
  2026-05-24 13:30:01 /api/cctv-events ........................... ~ 510.45ms
  2026-05-24 13:30:02 /api/cctv-events ................................ ~ 30s
  2026-05-24 13:31:02 /api/cctv-events ............................. ~ 0.24ms
  2026-05-24 13:31:02 /api/cctv-events ................................ ~ 33s
  2026-05-24 13:32:36 /api/cctv-events ............................. ~ 0.25ms
  2026-05-24 13:32:36 /api/cctv-events ................................ ~ 59s
  2026-05-24 13:33:49 /api/cctv-events ........................... ~ 514.54ms
  2026-05-24 13:33:49 /api/cctv-events ................................. ~ 8s
  2026-05-24 13:34:29 /api/cctv-events ............................. ~ 0.22ms
  2026-05-24 13:34:29 /api/cctv-events ................................ ~ 29s
  2026-05-24 13:35:29 /api/cctv-events ........................... ~ 513.70ms
  2026-05-24 13:35:29 /api/cctv-events ................................ ~ 29s
  2026-05-24 13:36:29 /api/cctv-events ............................. ~ 0.29ms
  2026-05-24 13:36:29 /api/cctv-events ................................ ~ 29s
  2026-05-24 13:37:36 /api/cctv-events ............................. ~ 0.25ms
  2026-05-24 13:37:36 /api/cctv-events ................................ ~ 27s
  2026-05-24 13:38:07 /api/cctv-events ............................. ~ 0.21ms
  2026-05-24 13:38:07 /api/cctv-events ................................ ~ 30s
  2026-05-24 13:39:08 /api/cctv-events ............................. ~ 0.21ms
  2026-05-24 13:39:08 /api/cctv-events ................................ ~ 29s
  2026-05-24 13:40:08 /api/cctv-events ............................. ~ 0.20ms
  2026-05-24 13:40:08 /api/cctv-events ................................ ~ 29s
  2026-05-24 13:41:08 /api/cctv-events ........................... ~ 511.48ms
  2026-05-24 13:41:08 .............................................. ~ 1m 27s
  2026-05-24 13:42:36 /api/cctv-events ............................. ~ 0.29ms
  2026-05-24 13:42:36 /api/cctv-events ................................ ~ 59s
  2026-05-24 13:44:36 /api/cctv-events ........................... ~ 512.83ms
  2026-05-24 13:44:36 /api/cctv-events ................................ ~ 59s
  2026-05-24 13:46:36 /api/cctv-events ............................. ~ 0.26ms
  2026-05-24 13:46:36 /api/cctv-events ................................ ~ 59s
  2026-05-24 13:48:36 /api/cctv-events ............................. ~ 0.25ms
  2026-05-24 13:48:36 /api/cctv-events ................................ ~ 59s
  2026-05-24 13:50:36 /api/cctv-events ............................. ~ 0.22ms
  2026-05-24 13:50:36 /api/cctv-events ................................ ~ 59s
  2026-05-24 13:52:36 /api/cctv-events ............................. ~ 0.24ms
  2026-05-24 13:52:36 /api/cctv-events ................................ ~ 42s
  2026-05-24 13:53:37 /api/cctv-events ........................... ~ 511.63ms
  2026-05-24 13:53:38 /api/cctv-events ................................ ~ 29s
  2026-05-24 13:54:38 /api/cctv-events ........................... ~ 512.02ms
  2026-05-24 13:54:38 /api/cctv-events ................................ ~ 45s
  2026-05-24 13:55:38 /api/cctv-events ............................. ~ 0.22ms
  2026-05-24 13:55:38 /api/cctv-events ................................ ~ 29s
  2026-05-24 13:57:36 /api/cctv-events ............................. ~ 0.22ms
^C