2026/05/24 15:34:51 INF MediaMTX v1.17.1, windows, amd64
2026/05/24 15:34:51 INF configuration loaded from C:\Users\Althaf\Documents\KULIAH\Tugas Akhir\Project\Backend\mediamtx.yml
2026/05/24 15:34:51 INF [path cam_2] [RTSP source] started
2026/05/24 15:34:51 INF [path cam_4] [RTSP source] started
2026/05/24 15:34:51 INF [path cam_3] [RTSP source] started
2026/05/24 15:34:51 INF [path cam_5] [RTSP source] started
2026/05/24 15:34:51 INF [path cam_9] [RTSP source] started
2026/05/24 15:34:51 INF [path cam_1] [RTSP source] started
2026/05/24 15:34:51 INF [path cam_6] [RTSP source] started
2026/05/24 15:34:51 INF [path cam_10] [RTSP source] started
2026/05/24 15:34:51 INF [path cam_16] [RTSP source] started
2026/05/24 15:34:51 INF [path cam_8] [RTSP source] started
2026/05/24 15:34:51 INF [path cam_11] [RTSP source] started
2026/05/24 15:34:51 INF [path cam_12] [RTSP source] started
2026/05/24 15:34:51 INF [path cam_15] [RTSP source] started
2026/05/24 15:34:51 INF [path cam_13] [RTSP source] started
2026/05/24 15:34:51 INF [path cam_7] [RTSP source] started
2026/05/24 15:34:51 INF [path cam_14] [RTSP source] started
2026/05/24 15:34:51 INF [RTSP] listener opened on :8554 (TCP/RTSP), :8000 (UDP/RTP), :8001 (UDP/RTCP)
2026/05/24 15:34:51 INF [RTMP] listener opened on :1935
2026/05/24 15:34:51 INF [HLS] listener opened on :8888
2026/05/24 15:34:51 INF [WebRTC] listener opened on :8889 (HTTP), :8189 (ICE/UDP)
2026/05/24 15:34:51 INF [SRT] listener opened on :8890 (UDP)
2026/05/24 15:34:51 ERR [path cam_14] [RTSP source] bad status code: 401 (Unauthorized)
2026/05/24 15:34:51 INF [path cam_5] stream is available and online, 1 track (H264)
2026/05/24 15:34:51 INF [path cam_6] stream is available and online, 1 track (H265)
2026/05/24 15:34:51 INF [path cam_3] stream is available and online, 1 track (H264)
2026/05/24 15:34:51 INF [path cam_12] stream is available and online, 1 track (H264)
2026/05/24 15:34:51 INF [path cam_10] stream is available and online, 1 track (H264)
2026/05/24 15:34:51 INF [path cam_4] stream is available and online, 1 track (H264)
2026/05/24 15:34:51 INF [path cam_13] stream is available and online, 1 track (H264)
2026/05/24 15:34:51 INF [path cam_16] stream is available and online, 1 track (H264)
2026/05/24 15:34:51 INF [path cam_8] stream is available and online, 1 track (H264)
2026/05/24 15:34:51 INF [path cam_11] stream is available and online, 1 track (H264)
2026/05/24 15:34:51 INF [path cam_9] stream is available and online, 1 track (H264)
2026/05/24 15:34:51 INF [path cam_1] stream is available and online, 1 track (H264)
2026/05/24 15:34:51 INF [path cam_15] stream is available and online, 1 track (H264)
2026/05/24 15:34:51 INF [path cam_2] stream is available and online, 1 track (H264)
2026/05/24 15:34:51 INF [path cam_7] stream is available and online, 1 track (H265)
